<?xml version="1.0" encoding="utf-8"?><testsuites><testsuite errors="0" failures="0" hostname="LAPTOP-4O8BNPSJ" name="pytest" skipped="0" tests="5" time="0.044" timestamp="2022-03-29T12:54:14.024142"><testcase classname="test_primeNo" name="test_prime[3-True]" time="0.001" /><testcase classname="test_primeNo" name="test_prime[4-False]" time="0.001" /><testcase classname="test_primeNo" name="test_prime[1-False]" time="0.001" /><testcase classname="test_primeNo" name="test_prime[20-False]" time="0.001" /><testcase classname="test_primeNo" name="test_prime[11-True]" time="0.001" /></testsuite></testsuites>